<?xml version="1.0" encoding="UTF-8"?>
<!-- Generated by org.testng.reporters.JUnitXMLReporter -->
<testsuite hostname="C02Z1C90LVCF" ignored="0" name="CIS" tests="4" failures="0" timestamp="2020-04-25T15:25:11 IST" time="11.24" errors="0">
  <testcase name="authtest" time="4.882" classname="com.fisdom.testcases.TokenCreation"/>
  <testcase name="bookingCreation" time="1.89" classname="com.fisdom.testcases.BookingUpdate"/>
  <testcase name="updateBooking" time="1.833" classname="com.fisdom.testcases.BookingUpdate"/>
  <testcase name="partialUpdateBooking" time="1.823" classname="com.fisdom.testcases.BookingUpdate"/>
</testsuite> <!-- CIS -->
